[debug] [2023-05-23T17:55:41.641Z] ----------------------------------------------------------------------
[debug] [2023-05-23T17:55:41.645Z] Command:       C:\Program Files\nodejs\node.exe C:\Users\nishh\AppData\Roaming\npm\node_modules\firebase-tools\lib\bin\firebase.js login
[debug] [2023-05-23T17:55:41.646Z] CLI Version:   12.1.0
[debug] [2023-05-23T17:55:41.647Z] Platform:      win32
[debug] [2023-05-23T17:55:41.647Z] Node Version:  v19.8.1
[debug] [2023-05-23T17:55:41.647Z] Time:          Tue May 23 2023 22:55:41 GMT+0500 (Pakistan Standard Time)
[debug] [2023-05-23T17:55:41.648Z] ----------------------------------------------------------------------
[debug] 
[info] i  Firebase optionally collects CLI and Emulator Suite usage and error reporting information to help improve our products. Data is collected in accordance with Google's privacy policy (https://policies.google.com/privacy) and is not used to identify you.
 
[info] i  To change your data collection preference at any time, run `firebase logout` and log in again. 
[info] 
[info] Visit this URL on this device to log in:
[info] https://accounts.google.com/o/oauth2/auth?client_id=563584335869-fgrhgmd47bqnekij5i8b5pr03ho849e6.apps.googleusercontent.com&scope=email%20openid%20https%3A%2F%2Fwww.googleapis.com%2Fauth%2Fcloudplatformprojects.readonly%20https%3A%2F%2Fwww.googleapis.com%2Fauth%2Ffirebase%20https%3A%2F%2Fwww.googleapis.com%2Fauth%2Fcloud-platform&response_type=code&state=924849739&redirect_uri=http%3A%2F%2Flocalhost%3A9005
[info] 
[info] Waiting for authentication...
[debug] [2023-05-23T17:55:43.494Z] Unable to open URL: Error: spawn UNKNOWN
    at ChildProcess.spawn (node:internal/child_process:420:11)
    at Object.spawn (node:child_process:757:9)
    at module.exports (C:\Users\nishh\AppData\Roaming\npm\node_modules\firebase-tools\node_modules\open\index.js:114:34)
    at open (C:\Users\nishh\AppData\Roaming\npm\node_modules\firebase-tools\lib\auth.js:139:5)
    at Server.<anonymous> (C:\Users\nishh\AppData\Roaming\npm\node_modules\firebase-tools\lib\auth.js:371:13)
    at Object.onceWrapper (node:events:626:28)
    at Server.emit (node:events:512:28)
    at Server.emit (node:domain:489:12)
    at emitListeningNT (node:net:1808:10)
    at process.processTicksAndRejections (node:internal/process/task_queues:81:21)
[debug] [2023-05-23T17:56:14.861Z] >>> [apiv2][query] POST https://accounts.google.com/o/oauth2/token [none]
[debug] [2023-05-23T17:56:14.862Z] >>> [apiv2][body] POST https://accounts.google.com/o/oauth2/token [omitted]
[debug] [2023-05-23T17:56:22.446Z] <<< [apiv2][status] POST https://accounts.google.com/o/oauth2/token 200
[debug] [2023-05-23T17:56:22.447Z] <<< [apiv2][body] POST https://accounts.google.com/o/oauth2/token [omitted]
[info] 
[info] +  Success! Logged in as nishhfatima@gmail.com 
[debug] [2023-05-23T17:56:30.195Z] Error: Timed out.
    at Timeout.<anonymous> (C:\Users\nishh\AppData\Roaming\npm\node_modules\firebase-tools\lib\utils.js:253:49)
    at listOnTimeout (node:internal/timers:573:17)
    at process.processTimers (node:internal/timers:514:7)
[error] 
[error] Error: An unexpected error has occurred.
[debug] [2023-05-23T17:56:41.647Z] ----------------------------------------------------------------------
[debug] [2023-05-23T17:56:41.650Z] Command:       C:\Program Files\nodejs\node.exe C:\Users\nishh\AppData\Roaming\npm\node_modules\firebase-tools\lib\bin\firebase.js init
[debug] [2023-05-23T17:56:41.650Z] CLI Version:   12.1.0
[debug] [2023-05-23T17:56:41.651Z] Platform:      win32
[debug] [2023-05-23T17:56:41.651Z] Node Version:  v19.8.1
[debug] [2023-05-23T17:56:41.651Z] Time:          Tue May 23 2023 22:56:41 GMT+0500 (Pakistan Standard Time)
[debug] [2023-05-23T17:56:41.651Z] ----------------------------------------------------------------------
[debug] 
[debug] [2023-05-23T17:56:41.660Z] > command requires scopes: ["email","openid","https://www.googleapis.com/auth/cloudplatformprojects.readonly","https://www.googleapis.com/auth/firebase","https://www.googleapis.com/auth/cloud-platform"]
[debug] [2023-05-23T17:56:41.661Z] > authorizing via signed-in user (nishhfatima@gmail.com)
[info] 
     ######## #### ########  ######## ########     ###     ######  ########
     ##        ##  ##     ## ##       ##     ##  ##   ##  ##       ##
     ######    ##  ########  ######   ########  #########  ######  ######
     ##        ##  ##    ##  ##       ##     ## ##     ##       ## ##
     ##       #### ##     ## ######## ########  ##     ##  ######  ########

You're about to initialize a Firebase project in this directory:

  C:\Users\nishh\Desktop\Handmade Cakes

[info] 
=== Project Setup
[info] 
[info] First, let's associate this project directory with a Firebase project.
[info] You can create multiple project aliases by running firebase use --add, 
[info] but for now we'll just set up a default project.
[info] 
[debug] [2023-05-23T17:58:38.324Z] >>> [apiv2][query] GET https://firebase.googleapis.com/v1beta1/projects pageSize=100
[debug] [2023-05-23T17:58:39.475Z] <<< [apiv2][status] GET https://firebase.googleapis.com/v1beta1/projects 200
[debug] [2023-05-23T17:58:39.475Z] <<< [apiv2][body] GET https://firebase.googleapis.com/v1beta1/projects [omitted]
[info] i  Using project homemade-cakes-eb2c6 (Homemade Cakes) 
[info] 
=== Hosting Setup
[info] 
[info] Your public directory is the folder (relative to your project directory) that
[info] will contain Hosting assets to be uploaded with firebase deploy. If you
[info] have a build process for your assets, use your build's output directory.
[info] 
[debug] [2023-05-23T17:59:42.073Z] >>> [apiv2][query] GET https://www.gstatic.com/firebasejs/releases.json [none]
[debug] [2023-05-23T17:59:43.586Z] <<< [apiv2][status] GET https://www.gstatic.com/firebasejs/releases.json 200
[debug] [2023-05-23T17:59:43.587Z] <<< [apiv2][body] GET https://www.gstatic.com/firebasejs/releases.json {"current":{"version":"9.22.0","browserURL":"https://www.gstatic.com/firebasejs/9.22.0/firebase.js","packageURL":"https://www.gstatic.com/firebasejs/9.22.0/firebase.tgz"},"live":{"version":"9.22","browserURL":"https://www.gstatic.com/firebasejs/live/9.22/firebase.js","packageURL":"https://www.gstatic.com/firebasejs/live/9.22/firebase.tgz"},"components":{"analytics":"https://www.gstatic.com/firebasejs/9.22.0/firebase-analytics.js","app":"https://www.gstatic.com/firebasejs/9.22.0/firebase-app.js","app-check":"https://www.gstatic.com/firebasejs/9.22.0/firebase-app-check.js","auth":"https://www.gstatic.com/firebasejs/9.22.0/firebase-auth.js","auth/cordova":"https://www.gstatic.com/firebasejs/9.22.0/firebase-auth/cordova.js","auth/react-native":"https://www.gstatic.com/firebasejs/9.22.0/firebase-auth/react-native.js","functions":"https://www.gstatic.com/firebasejs/9.22.0/firebase-functions.js","firestore":"https://www.gstatic.com/firebasejs/9.22.0/firebase-firestore.js","firestore/lite":"https://www.gstatic.com/firebasejs/9.22.0/firebase-firestore/lite.js","installations":"https://www.gstatic.com/firebasejs/9.22.0/firebase-installations.js","storage":"https://www.gstatic.com/firebasejs/9.22.0/firebase-storage.js","performance":"https://www.gstatic.com/firebasejs/9.22.0/firebase-performance.js","remote-config":"https://www.gstatic.com/firebasejs/9.22.0/firebase-remote-config.js","messaging":"https://www.gstatic.com/firebasejs/9.22.0/firebase-messaging.js","messaging/sw":"https://www.gstatic.com/firebasejs/9.22.0/firebase-messaging/sw.js","database":"https://www.gstatic.com/firebasejs/9.22.0/firebase-database.js","firestore.memory":"https://www.gstatic.com/firebasejs/9.22.0/firebase-firestore.memory.js"}}
[info] +  Wrote public/index.html 
[info] 
[info] i  Didn't detect a .git folder. Assuming C:\Users\nishh\Desktop\Handmade Cakes is the project root. 
[info] i  Authorizing with GitHub to upload your service account to a GitHub repository's secrets store. 
[info] 
[info] Visit this URL on this device to log in:
[info] https://github.com/login/oauth/authorize?client_id=89cf50f02ac6aaed3484&state=907866487&redirect_uri=http%3A%2F%2Flocalhost%3A9005&scope=read%3Auser%20repo%20public_repo
[info] 
[info] Waiting for authentication...
[debug] [2023-05-23T18:00:16.251Z] >>> [apiv2][query] POST https://github.com/login/oauth/access_token [none]
[debug] [2023-05-23T18:00:16.251Z] >>> [apiv2][body] POST https://github.com/login/oauth/access_token [stream]
[debug] [2023-05-23T18:00:20.309Z] <<< [apiv2][status] POST https://github.com/login/oauth/access_token 200
[debug] [2023-05-23T18:00:20.309Z] <<< [apiv2][body] POST https://github.com/login/oauth/access_token {"access_token":"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","token_type":"bearer","scope":"read:user,repo"}
[debug] [2023-05-23T18:00:20.325Z] >>> [apiv2][query] GET https://api.github.com/user [none]
[debug] [2023-05-23T18:00:23.369Z] <<< [apiv2][status] GET https://api.github.com/user 200
[debug] [2023-05-23T18:00:23.369Z] <<< [apiv2][body] GET https://api.github.com/user {"login":"nisha-fatima","id":86775344,"node_id":"MDQ6VXNlcjg2Nzc1MzQ0","avatar_url":"https://avatars.githubusercontent.com/u/86775344?v=4","gravatar_id":"","url":"https://api.github.com/users/nisha-fatima","html_url":"https://github.com/nisha-fatima","followers_url":"https://api.github.com/users/nisha-fatima/followers","following_url":"https://api.github.com/users/nisha-fatima/following{/other_user}","gists_url":"https://api.github.com/users/nisha-fatima/gists{/gist_id}","starred_url":"https://api.github.com/users/nisha-fatima/starred{/owner}{/repo}","subscriptions_url":"https://api.github.com/users/nisha-fatima/subscriptions","organizations_url":"https://api.github.com/users/nisha-fatima/orgs","repos_url":"https://api.github.com/users/nisha-fatima/repos","events_url":"https://api.github.com/users/nisha-fatima/events{/privacy}","received_events_url":"https://api.github.com/users/nisha-fatima/received_events","type":"User","site_admin":false,"name":"Nisha Fatima","company":null,"blog":"","location":null,"email":null,"hireable":null,"bio":null,"twitter_username":null,"public_repos":66,"public_gists":0,"followers":6,"following":11,"created_at":"2021-07-01T09:42:27Z","updated_at":"2023-05-23T18:00:01Z","private_gists":0,"total_private_repos":16,"owned_private_repos":16,"disk_usage":361392,"collaborators":0,"two_factor_authentication":false,"plan":{"name":"free","space":976562499,"collaborators":0,"private_repos":10000}}
[info] 
[info] +  Success! Logged into GitHub as nisha-fatima 
[info] 
[debug] [2023-05-23T18:01:15.699Z] >>> [apiv2][query] GET https://api.github.com/repos//actions/secrets/public-key type=owner
[debug] [2023-05-23T18:01:28.237Z] <<< [apiv2][status] GET https://api.github.com/repos//actions/secrets/public-key 404
[debug] [2023-05-23T18:01:28.238Z] <<< [apiv2][body] GET https://api.github.com/repos//actions/secrets/public-key {"message":"Not Found","documentation_url":"https://docs.github.com/rest"}
[info] 
[info] 
[error] !  The provided authorization cannot be used with this repository. If this repository is in an organization, did you remember to grant access? 
[info] 
[info] i  Action required: Visit this URL to ensure access has been granted to the appropriate organization(s) for the Firebase CLI GitHub OAuth App: 
[info] https://github.com/settings/connections/applications/89cf50f02ac6aaed3484
[info] 
[debug] [2023-05-23T18:01:38.044Z] >>> [apiv2][query] GET https://api.github.com/repos//actions/secrets/public-key type=owner
[debug] [2023-05-23T18:01:45.123Z] <<< [apiv2][status] GET https://api.github.com/repos//actions/secrets/public-key 404
[debug] [2023-05-23T18:01:45.123Z] <<< [apiv2][body] GET https://api.github.com/repos//actions/secrets/public-key {"message":"Not Found","documentation_url":"https://docs.github.com/rest"}
[info] 
[info] 
[error] !  The provided authorization cannot be used with this repository. If this repository is in an organization, did you remember to grant access? 
[info] 
[info] i  Action required: Visit this URL to ensure access has been granted to the appropriate organization(s) for the Firebase CLI GitHub OAuth App: 
[info] https://github.com/settings/connections/applications/89cf50f02ac6aaed3484
[info] 
